Base path: D:/GameDev/Unity/Editor_Versions/2018.1.6f1/Editor/Data
Cmd: initializeCompiler
Cmd: preprocess
  insize=5373 outsize=2627 ok=1
Cmd: preprocess
  insize=990 outsize=431 ok=1
Cmd: preprocess
  insize=1105 outsize=1260 ok=1
Cmd: preprocess
  insize=480 outsize=1318 ok=1
Cmd: preprocess
  insize=1055 outsize=1211 ok=1
Cmd: preprocessCompute
  insize=1953 outsize=1957 ok=1
Cmd: preprocess
  insize=755 outsize=755 ok=1
Cmd: preprocess
  insize=2423 outsize=971 ok=1
Cmd: preprocess
  insize=2252 outsize=972 ok=1
Cmd: preprocess
  insize=2386 outsize=1141 ok=1
Cmd: preprocess
  insize=435 outsize=435 ok=1
Cmd: preprocess
  insize=1063 outsize=442 ok=1
Cmd: preprocess
  insize=1133 outsize=1133 ok=1
Cmd: preprocess
  insize=5349 outsize=2603 ok=1
Cmd: preprocess
  insize=1495 outsize=207 ok=1
Cmd: initializeCompiler
Cmd: initializeCompiler
Cmd: initializeCompiler
Cmd: initializeCompiler
Cmd: initializeCompiler
Cmd: initializeCompiler
Cmd: initializeCompiler
Cmd: initializeCompiler
Cmd: initializeCompiler
Cmd: initializeCompiler
Cmd: initializeCompiler
Cmd: initializeCompiler
Cmd: initializeCompiler
Cmd: initializeCompiler
Cmd: initializeCompiler
